0 info it worked if it ends with ok
1 verbose cli [ '/usr/bin/node', '/usr/bin/npm', 'start' ]
2 info using npm@3.5.2
3 info using node@v8.10.0
4 verbose run-script [ 'prestart', 'start', 'poststart' ]
5 info lifecycle bottletest@1.0.0~prestart: bottletest@1.0.0
6 silly lifecycle bottletest@1.0.0~prestart: no script for prestart, continuing
7 info lifecycle bottletest@1.0.0~start: bottletest@1.0.0
8 verbose lifecycle bottletest@1.0.0~start: unsafe-perm in lifecycle true
9 verbose lifecycle bottletest@1.0.0~start: PATH: /usr/share/npm/bin/node-gyp-bin:/mnt/c/Users/loubi/Desktop/bottletest/node_modules/.bin:/home/luis/.local/bin:/usr/local/sbin:/usr/local/bin:/usr/sbin:/usr/bin:/sbin:/bin:/usr/games:/usr/local/games:/mnt/c/PROGRA~1/ConEmu/ConEmu/wsl:/mnt/c/Program Files/ConEmu/ConEmu/Scripts:/mnt/c/Program Files/ConEmu:/mnt/c/Program Files/ConEmu/ConEmu:/mnt/c/Program Files (x86)/Razer Chroma SDK/bin:/mnt/c/Program Files/Razer Chroma SDK/bin:/mnt/c/Program Files (x86)/Intel/Intel(R) Management Engine Components/iCLS:/mnt/c/Program Files/Intel/Intel(R) Management Engine Components/iCLS:/mnt/c/Windows/System32:/mnt/c/Windows:/mnt/c/Windows/System32/wbem:/mnt/c/Windows/System32/WindowsPowerShell/v1.0:/mnt/c/Windows/System32/OpenSSH:/mnt/c/Program Files (x86)/Intel/Intel(R) Management Engine Components/DAL:/mnt/c/Program Files/Intel/Intel(R) Management Engine Components/DAL:/mnt/c/Program Files (x86)/Intel/Intel(R) Management Engine Components/IPT:/mnt/c/Program Files/Intel/Intel(R) Management Engine Components/IPT:/mnt/c/Program Files/Intel/WiFi/bin:/mnt/c/Program Files/Common Files/Intel/WirelessCommon:/mnt/c/Program Files (x86)/NVIDIA Corporation/PhysX/Common:/mnt/c/Program Files/Intel/WiFi/bin:/mnt/c/Program Files/Common Files/Intel/WirelessCommon:/mnt/c/Program Files/NVIDIA Corporation/NVIDIA NvDLISR:/mnt/c/HashiCorp/Vagrant/bin:/mnt/c/Users/loubi/AppData/Local/Microsoft/WindowsApps:/mnt/c/Users/loubi/AppData/Local/Programs/Microsoft VS Code/bin:/snap/bin:/mnt/c/Program Files/Oracle/VirtualBox:/mnt/c/Windows/System32/
10 verbose lifecycle bottletest@1.0.0~start: CWD: /mnt/c/Users/loubi/Desktop/bottletest
11 silly lifecycle bottletest@1.0.0~start: Args: [ '-c',
11 silly lifecycle   'concurrently --kill-others "npm run css-watch" "python3 -u ajax_bottle.py" "npm run browser-sync" ' ]
12 silly lifecycle bottletest@1.0.0~start: Returned: code: 1  signal: null
13 info lifecycle bottletest@1.0.0~start: Failed to exec start script
14 verbose stack Error: bottletest@1.0.0 start: `concurrently --kill-others "npm run css-watch" "python3 -u ajax_bottle.py" "npm run browser-sync" `
14 verbose stack Exit status 1
14 verbose stack     at EventEmitter.<anonymous> (/usr/share/npm/lib/utils/lifecycle.js:232:16)
14 verbose stack     at emitTwo (events.js:126:13)
14 verbose stack     at EventEmitter.emit (events.js:214:7)
14 verbose stack     at ChildProcess.<anonymous> (/usr/share/npm/lib/utils/spawn.js:24:14)
14 verbose stack     at emitTwo (events.js:126:13)
14 verbose stack     at ChildProcess.emit (events.js:214:7)
14 verbose stack     at maybeClose (internal/child_process.js:925:16)
14 verbose stack     at Process.ChildProcess._handle.onexit (internal/child_process.js:209:5)
15 verbose pkgid bottletest@1.0.0
16 verbose cwd /mnt/c/Users/loubi/Desktop/bottletest
17 error Linux 4.4.0-17134-Microsoft
18 error argv "/usr/bin/node" "/usr/bin/npm" "start"
19 error node v8.10.0
20 error npm  v3.5.2
21 error code ELIFECYCLE
22 error bottletest@1.0.0 start: `concurrently --kill-others "npm run css-watch" "python3 -u ajax_bottle.py" "npm run browser-sync" `
22 error Exit status 1
23 error Failed at the bottletest@1.0.0 start script 'concurrently --kill-others "npm run css-watch" "python3 -u ajax_bottle.py" "npm run browser-sync" '.
23 error Make sure you have the latest version of node.js and npm installed.
23 error If you do, this is most likely a problem with the bottletest package,
23 error not with npm itself.
23 error Tell the author that this fails on your system:
23 error     concurrently --kill-others "npm run css-watch" "python3 -u ajax_bottle.py" "npm run browser-sync"
23 error You can get information on how to open an issue for this project with:
23 error     npm bugs bottletest
23 error Or if that isn't available, you can get their info via:
23 error     npm owner ls bottletest
23 error There is likely additional logging output above.
24 verbose exit [ 1, true ]
